  uas.cpp
C:\Users\ASUS\source\repos\YogiNoviana\GrafikaKomputerUas\uas.cpp(34,22): warning C4305: 'initializing': truncation from 'double' to 'float'
C:\Users\ASUS\source\repos\YogiNoviana\GrafikaKomputerUas\uas.cpp(39,20): warning C4244: 'initializing': conversion from 'double' to 'float', possible loss of data
C:\Users\ASUS\source\repos\YogiNoviana\GrafikaKomputerUas\uas.cpp(43,20): warning C4244: 'initializing': conversion from 'double' to 'float', possible loss of data
C:\Users\ASUS\source\repos\YogiNoviana\GrafikaKomputerUas\uas.cpp(90,23): warning C4305: 'argument': truncation from 'double' to 'float'
C:\Users\ASUS\source\repos\YogiNoviana\GrafikaKomputerUas\uas.cpp(90,18): warning C4305: 'argument': truncation from 'double' to 'float'
C:\Users\ASUS\source\repos\YogiNoviana\GrafikaKomputerUas\uas.cpp(94,28): warning C4305: 'argument': truncation from 'double' to 'GLfloat'
C:\Users\ASUS\source\repos\YogiNoviana\GrafikaKomputerUas\uas.cpp(95,24): warning C4305: 'argument': truncation from 'double' to 'float'
C:\Users\ASUS\source\repos\YogiNoviana\GrafikaKomputerUas\uas.cpp(95,18): warning C4305: 'argument': truncation from 'double' to 'float'
C:\Users\ASUS\source\repos\YogiNoviana\GrafikaKomputerUas\uas.cpp(98,25): warning C4305: 'argument': truncation from 'double' to 'GLfloat'
C:\Users\ASUS\source\repos\YogiNoviana\GrafikaKomputerUas\uas.cpp(98,20): warning C4305: 'argument': truncation from 'double' to 'GLfloat'
C:\Users\ASUS\source\repos\YogiNoviana\GrafikaKomputerUas\uas.cpp(98,15): warning C4305: 'argument': truncation from 'double' to 'GLfloat'
C:\Users\ASUS\source\repos\YogiNoviana\GrafikaKomputerUas\uas.cpp(99,28): warning C4305: 'argument': truncation from 'double' to 'GLfloat'
C:\Users\ASUS\source\repos\YogiNoviana\GrafikaKomputerUas\uas.cpp(105,29): warning C4305: 'argument': truncation from 'double' to 'GLfloat'
C:\Users\ASUS\source\repos\YogiNoviana\GrafikaKomputerUas\uas.cpp(111,29): warning C4305: 'argument': truncation from 'double' to 'GLfloat'
C:\Users\ASUS\source\repos\YogiNoviana\GrafikaKomputerUas\uas.cpp(111,18): warning C4305: 'argument': truncation from 'double' to 'GLfloat'
C:\Users\ASUS\source\repos\YogiNoviana\GrafikaKomputerUas\uas.cpp(112,25): warning C4305: 'argument': truncation from 'double' to 'GLfloat'
C:\Users\ASUS\source\repos\YogiNoviana\GrafikaKomputerUas\uas.cpp(112,19): warning C4305: 'argument': truncation from 'double' to 'GLfloat'
C:\Users\ASUS\source\repos\YogiNoviana\GrafikaKomputerUas\uas.cpp(112,14): warning C4305: 'argument': truncation from 'double' to 'GLfloat'
C:\Users\ASUS\source\repos\YogiNoviana\GrafikaKomputerUas\uas.cpp(118,19): warning C4305: 'argument': truncation from 'double' to 'GLfloat'
C:\Users\ASUS\source\repos\YogiNoviana\GrafikaKomputerUas\uas.cpp(119,25): warning C4305: 'argument': truncation from 'double' to 'GLfloat'
C:\Users\ASUS\source\repos\YogiNoviana\GrafikaKomputerUas\uas.cpp(119,19): warning C4305: 'argument': truncation from 'double' to 'GLfloat'
C:\Users\ASUS\source\repos\YogiNoviana\GrafikaKomputerUas\uas.cpp(119,14): warning C4305: 'argument': truncation from 'double' to 'GLfloat'
C:\Users\ASUS\source\repos\YogiNoviana\GrafikaKomputerUas\uas.cpp(141,25): warning C4305: 'argument': truncation from 'double' to 'GLfloat'
C:\Users\ASUS\source\repos\YogiNoviana\GrafikaKomputerUas\uas.cpp(141,20): warning C4305: 'argument': truncation from 'double' to 'GLfloat'
C:\Users\ASUS\source\repos\YogiNoviana\GrafikaKomputerUas\uas.cpp(141,15): warning C4305: 'argument': truncation from 'double' to 'GLfloat'
C:\Users\ASUS\source\repos\YogiNoviana\GrafikaKomputerUas\uas.cpp(216,31): warning C4305: 'argument': truncation from 'double' to 'float'
C:\Users\ASUS\source\repos\YogiNoviana\GrafikaKomputerUas\uas.cpp(217,26): warning C4305: 'argument': truncation from 'double' to 'float'
C:\Users\ASUS\source\repos\YogiNoviana\GrafikaKomputerUas\uas.cpp(229,32): warning C4305: 'argument': truncation from 'double' to 'float'
C:\Users\ASUS\source\repos\YogiNoviana\GrafikaKomputerUas\uas.cpp(229,21): warning C4305: 'argument': truncation from 'double' to 'float'
C:\Users\ASUS\source\repos\YogiNoviana\GrafikaKomputerUas\uas.cpp(230,31): warning C4305: 'argument': truncation from 'double' to 'float'
C:\Users\ASUS\source\repos\YogiNoviana\GrafikaKomputerUas\uas.cpp(233,31): warning C4305: 'argument': truncation from 'double' to 'float'
C:\Users\ASUS\source\repos\YogiNoviana\GrafikaKomputerUas\uas.cpp(234,31): warning C4305: 'argument': truncation from 'double' to 'float'
C:\Users\ASUS\source\repos\YogiNoviana\GrafikaKomputerUas\uas.cpp(234,21): warning C4305: 'argument': truncation from 'double' to 'float'
C:\Users\ASUS\source\repos\YogiNoviana\GrafikaKomputerUas\uas.cpp(237,30): warning C4305: 'argument': truncation from 'double' to 'float'
C:\Users\ASUS\source\repos\YogiNoviana\GrafikaKomputerUas\uas.cpp(238,32): warning C4305: 'argument': truncation from 'double' to 'float'
C:\Users\ASUS\source\repos\YogiNoviana\GrafikaKomputerUas\uas.cpp(244,31): warning C4305: 'argument': truncation from 'double' to 'float'
C:\Users\ASUS\source\repos\YogiNoviana\GrafikaKomputerUas\uas.cpp(245,31): warning C4305: 'argument': truncation from 'double' to 'float'
C:\Users\ASUS\source\repos\YogiNoviana\GrafikaKomputerUas\uas.cpp(248,33): warning C4305: 'argument': truncation from 'double' to 'float'
  GrafikaKomputerUas.vcxproj -> C:\Users\ASUS\source\repos\YogiNoviana\x64\Debug\GrafikaKomputerUas.exe
          1 file(s) copied.
